main  INFO [2017-10-16 16:26:33,179] consumer.ConsumerConfig - ConsumerConfig values: 
	interceptor.classes = null
	request.timeout.ms = 40000
	check.crcs = true
	ssl.truststore.password = null
	retry.backoff.ms = 100
	ssl.keymanager.algorithm = SunX509
	receive.buffer.bytes = 65536
	ssl.key.password = null
	ssl.cipher.suites = null
	sasl.kerberos.ticket.renew.jitter = 0.05
	sasl.kerberos.service.name = null
	ssl.provider = null
	session.timeout.ms = 30000
	sasl.kerberos.ticket.renew.window.factor = 0.8
	sasl.mechanism = GSSAPI
	max.poll.records = 2147483647
	bootstrap.servers = [nycuvig1kafka01.ahmcert.com:9092]
	client.id = 
	fetch.max.wait.ms = 500
	fetch.min.bytes = 1
	key.deserializer = class org.apache.kafka.common.serialization.StringDeserializer
	auto.offset.reset = latest
	value.deserializer = class org.apache.kafka.common.serialization.StringDeserializer
	sasl.kerberos.kinit.cmd = /usr/bin/kinit
	ssl.enabled.protocols = [TLSv1.2, TLSv1.1, TLSv1]
	max.partition.fetch.bytes = 1048576
	partition.assignment.strategy = [org.apache.kafka.clients.consumer.RangeAssignor]
	ssl.endpoint.identification.algorithm = null
	ssl.keystore.location = null
	ssl.truststore.location = null
	exclude.internal.topics = true
	ssl.keystore.password = null
	metrics.sample.window.ms = 30000
	security.protocol = SASL_PLAINTEXT
	metadata.max.age.ms = 300000
	auto.commit.interval.ms = 1000
	ssl.protocol = TLS
	sasl.kerberos.min.time.before.relogin = 60000
	connections.max.idle.ms = 540000
	ssl.trustmanager.algorithm = PKIX
	group.id = ConsumerGroup
	enable.auto.commit = true
	metric.reporters = []
	ssl.truststore.type = JKS
	send.buffer.bytes = 131072
	reconnect.backoff.ms = 50
	metrics.num.samples = 2
	ssl.keystore.type = JKS
	heartbeat.interval.ms = 3000

main DEBUG [2017-10-16 16:26:33,186] consumer.KafkaConsumer - Starting the Kafka consumer
main DEBUG [2017-10-16 16:26:33,201] clients.Metadata - Updated cluster metadata version 1 to Cluster(nodes = [nycuvig1kafka01.ahmcert.com:9092 (id: -1 rack: null)], partitions = [])
main DEBUG [2017-10-16 16:26:33,218] consumer.KafkaConsumer - The Kafka consumer has closed.
main  INFO [2017-10-16 16:28:01,192] consumer.ConsumerConfig - ConsumerConfig values: 
	interceptor.classes = null
	request.timeout.ms = 40000
	check.crcs = true
	ssl.truststore.password = null
	retry.backoff.ms = 100
	ssl.keymanager.algorithm = SunX509
	receive.buffer.bytes = 65536
	ssl.key.password = null
	ssl.cipher.suites = null
	sasl.kerberos.ticket.renew.jitter = 0.05
	sasl.kerberos.service.name = kafka
	ssl.provider = null
	session.timeout.ms = 30000
	sasl.kerberos.ticket.renew.window.factor = 0.8
	sasl.mechanism = GSSAPI
	max.poll.records = 2147483647
	bootstrap.servers = [nycuvig1kafka01.ahmcert.com:9092]
	client.id = 
	fetch.max.wait.ms = 500
	fetch.min.bytes = 1
	key.deserializer = class org.apache.kafka.common.serialization.StringDeserializer
	auto.offset.reset = latest
	value.deserializer = class org.apache.kafka.common.serialization.StringDeserializer
	sasl.kerberos.kinit.cmd = /usr/bin/kinit
	ssl.enabled.protocols = [TLSv1.2, TLSv1.1, TLSv1]
	max.partition.fetch.bytes = 1048576
	partition.assignment.strategy = [org.apache.kafka.clients.consumer.RangeAssignor]
	ssl.endpoint.identification.algorithm = null
	ssl.keystore.location = null
	ssl.truststore.location = null
	exclude.internal.topics = true
	ssl.keystore.password = null
	metrics.sample.window.ms = 30000
	security.protocol = SASL_PLAINTEXT
	metadata.max.age.ms = 300000
	auto.commit.interval.ms = 1000
	ssl.protocol = TLS
	sasl.kerberos.min.time.before.relogin = 60000
	connections.max.idle.ms = 540000
	ssl.trustmanager.algorithm = PKIX
	group.id = ConsumerGroup
	enable.auto.commit = true
	metric.reporters = []
	ssl.truststore.type = JKS
	send.buffer.bytes = 131072
	reconnect.backoff.ms = 50
	metrics.num.samples = 2
	ssl.keystore.type = JKS
	heartbeat.interval.ms = 3000

main DEBUG [2017-10-16 16:28:01,198] consumer.KafkaConsumer - Starting the Kafka consumer
main DEBUG [2017-10-16 16:28:01,213] clients.Metadata - Updated cluster metadata version 1 to Cluster(nodes = [nycuvig1kafka01.ahmcert.com:9092 (id: -1 rack: null)], partitions = [])
main DEBUG [2017-10-16 16:28:01,341] consumer.KafkaConsumer - The Kafka consumer has closed.
main  INFO [2017-10-16 16:28:59,393] consumer.ConsumerConfig - ConsumerConfig values: 
	interceptor.classes = null
	request.timeout.ms = 40000
	check.crcs = true
	ssl.truststore.password = null
	retry.backoff.ms = 100
	ssl.keymanager.algorithm = SunX509
	receive.buffer.bytes = 65536
	ssl.key.password = null
	ssl.cipher.suites = null
	sasl.kerberos.ticket.renew.jitter = 0.05
	sasl.kerberos.service.name = kafka
	ssl.provider = null
	session.timeout.ms = 30000
	sasl.kerberos.ticket.renew.window.factor = 0.8
	sasl.mechanism = GSSAPI
	max.poll.records = 2147483647
	bootstrap.servers = [nycuvig1kafka01.ahmcert.com:9092]
	client.id = 
	fetch.max.wait.ms = 500
	fetch.min.bytes = 1
	key.deserializer = class org.apache.kafka.common.serialization.StringDeserializer
	auto.offset.reset = latest
	value.deserializer = class org.apache.kafka.common.serialization.StringDeserializer
	sasl.kerberos.kinit.cmd = /usr/bin/kinit
	ssl.enabled.protocols = [TLSv1.2, TLSv1.1, TLSv1]
	max.partition.fetch.bytes = 1048576
	partition.assignment.strategy = [org.apache.kafka.clients.consumer.RangeAssignor]
	ssl.endpoint.identification.algorithm = null
	ssl.keystore.location = null
	ssl.truststore.location = null
	exclude.internal.topics = true
	ssl.keystore.password = null
	metrics.sample.window.ms = 30000
	security.protocol = SASL_PLAINTEXT
	metadata.max.age.ms = 300000
	auto.commit.interval.ms = 1000
	ssl.protocol = TLS
	sasl.kerberos.min.time.before.relogin = 60000
	connections.max.idle.ms = 540000
	ssl.trustmanager.algorithm = PKIX
	group.id = ConsumerGroup
	enable.auto.commit = true
	metric.reporters = []
	ssl.truststore.type = JKS
	send.buffer.bytes = 131072
	reconnect.backoff.ms = 50
	metrics.num.samples = 2
	ssl.keystore.type = JKS
	heartbeat.interval.ms = 3000

main DEBUG [2017-10-16 16:28:59,400] consumer.KafkaConsumer - Starting the Kafka consumer
main DEBUG [2017-10-16 16:28:59,413] clients.Metadata - Updated cluster metadata version 1 to Cluster(nodes = [nycuvig1kafka01.ahmcert.com:9092 (id: -1 rack: null)], partitions = [])
main DEBUG [2017-10-16 16:28:59,538] consumer.KafkaConsumer - The Kafka consumer has closed.
main  INFO [2017-10-16 16:30:13,406] consumer.ConsumerConfig - ConsumerConfig values: 
	interceptor.classes = null
	request.timeout.ms = 40000
	check.crcs = true
	ssl.truststore.password = null
	retry.backoff.ms = 100
	ssl.keymanager.algorithm = SunX509
	receive.buffer.bytes = 65536
	ssl.key.password = null
	ssl.cipher.suites = null
	sasl.kerberos.ticket.renew.jitter = 0.05
	sasl.kerberos.service.name = kafka
	ssl.provider = null
	session.timeout.ms = 30000
	sasl.kerberos.ticket.renew.window.factor = 0.8
	sasl.mechanism = GSSAPI
	max.poll.records = 2147483647
	bootstrap.servers = [nycuvig1kafka01.ahmcert.com:9092]
	client.id = 
	fetch.max.wait.ms = 500
	fetch.min.bytes = 1
	key.deserializer = class org.apache.kafka.common.serialization.StringDeserializer
	auto.offset.reset = latest
	value.deserializer = class org.apache.kafka.common.serialization.StringDeserializer
	sasl.kerberos.kinit.cmd = /usr/bin/kinit
	ssl.enabled.protocols = [TLSv1.2, TLSv1.1, TLSv1]
	max.partition.fetch.bytes = 1048576
	partition.assignment.strategy = [org.apache.kafka.clients.consumer.RangeAssignor]
	ssl.endpoint.identification.algorithm = null
	ssl.keystore.location = null
	ssl.truststore.location = null
	exclude.internal.topics = true
	ssl.keystore.password = null
	metrics.sample.window.ms = 30000
	security.protocol = SASL_PLAINTEXT
	metadata.max.age.ms = 300000
	auto.commit.interval.ms = 1000
	ssl.protocol = TLS
	sasl.kerberos.min.time.before.relogin = 60000
	connections.max.idle.ms = 540000
	ssl.trustmanager.algorithm = PKIX
	group.id = ConsumerGroup
	enable.auto.commit = true
	metric.reporters = []
	ssl.truststore.type = JKS
	send.buffer.bytes = 131072
	reconnect.backoff.ms = 50
	metrics.num.samples = 2
	ssl.keystore.type = JKS
	heartbeat.interval.ms = 3000

main DEBUG [2017-10-16 16:30:13,412] consumer.KafkaConsumer - Starting the Kafka consumer
main DEBUG [2017-10-16 16:30:13,426] clients.Metadata - Updated cluster metadata version 1 to Cluster(nodes = [nycuvig1kafka01.ahmcert.com:9092 (id: -1 rack: null)], partitions = [])
main  INFO [2017-10-16 16:30:13,791] authenticator.AbstractLogin - Successfully logged in.
main DEBUG [2017-10-16 16:30:13,792] kerberos.KerberosLogin - It is a Kerberos ticket
kafka-kerberos-refresh-thread  INFO [2017-10-16 16:30:13,795] kerberos.KerberosLogin - TGT refresh thread started.
kafka-kerberos-refresh-thread DEBUG [2017-10-16 16:30:13,796] kerberos.KerberosLogin - Found TGT with client principal 'careengineuser@AHMCERT.COM' and server principal 'krbtgt/AHMCERT.COM@AHMCERT.COM'.
kafka-kerberos-refresh-thread  INFO [2017-10-16 16:30:13,797] kerberos.KerberosLogin - TGT valid starting at: 2017-10-16T16:30:13.000-0400
kafka-kerberos-refresh-thread  INFO [2017-10-16 16:30:13,798] kerberos.KerberosLogin - TGT expires: 2017-10-17T16:30:13.000-0400
kafka-kerberos-refresh-thread  INFO [2017-10-16 16:30:13,798] kerberos.KerberosLogin - TGT refresh sleeping until: 2017-10-17T11:56:50.513-0400
main DEBUG [2017-10-16 16:30:13,803] metrics.Metrics - Added sensor with name connections-closed:
main DEBUG [2017-10-16 16:30:13,804] metrics.Metrics - Added sensor with name connections-created:
main DEBUG [2017-10-16 16:30:13,804] metrics.Metrics - Added sensor with name bytes-sent-received:
main DEBUG [2017-10-16 16:30:13,805] metrics.Metrics - Added sensor with name bytes-sent:
main DEBUG [2017-10-16 16:30:13,806] metrics.Metrics - Added sensor with name bytes-received:
main DEBUG [2017-10-16 16:30:13,806] metrics.Metrics - Added sensor with name select-time:
main DEBUG [2017-10-16 16:30:13,807] metrics.Metrics - Added sensor with name io-time:
main  INFO [2017-10-16 16:30:13,817] consumer.ConsumerConfig - ConsumerConfig values: 
	interceptor.classes = null
	request.timeout.ms = 40000
	check.crcs = true
	ssl.truststore.password = null
	retry.backoff.ms = 100
	ssl.keymanager.algorithm = SunX509
	receive.buffer.bytes = 65536
	ssl.key.password = null
	ssl.cipher.suites = null
	sasl.kerberos.ticket.renew.jitter = 0.05
	sasl.kerberos.service.name = kafka
	ssl.provider = null
	session.timeout.ms = 30000
	sasl.kerberos.ticket.renew.window.factor = 0.8
	sasl.mechanism = GSSAPI
	max.poll.records = 2147483647
	bootstrap.servers = [nycuvig1kafka01.ahmcert.com:9092]
	client.id = consumer-1
	fetch.max.wait.ms = 500
	fetch.min.bytes = 1
	key.deserializer = class org.apache.kafka.common.serialization.StringDeserializer
	auto.offset.reset = latest
	value.deserializer = class org.apache.kafka.common.serialization.StringDeserializer
	sasl.kerberos.kinit.cmd = /usr/bin/kinit
	ssl.enabled.protocols = [TLSv1.2, TLSv1.1, TLSv1]
	max.partition.fetch.bytes = 1048576
	partition.assignment.strategy = [org.apache.kafka.clients.consumer.RangeAssignor]
	ssl.endpoint.identification.algorithm = null
	ssl.keystore.location = null
	ssl.truststore.location = null
	exclude.internal.topics = true
	ssl.keystore.password = null
	metrics.sample.window.ms = 30000
	security.protocol = SASL_PLAINTEXT
	metadata.max.age.ms = 300000
	auto.commit.interval.ms = 1000
	ssl.protocol = TLS
	sasl.kerberos.min.time.before.relogin = 60000
	connections.max.idle.ms = 540000
	ssl.trustmanager.algorithm = PKIX
	group.id = ConsumerGroup
	enable.auto.commit = true
	metric.reporters = []
	ssl.truststore.type = JKS
	send.buffer.bytes = 131072
	reconnect.backoff.ms = 50
	metrics.num.samples = 2
	ssl.keystore.type = JKS
	heartbeat.interval.ms = 3000

main DEBUG [2017-10-16 16:30:13,834] metrics.Metrics - Added sensor with name heartbeat-latency
main DEBUG [2017-10-16 16:30:13,834] metrics.Metrics - Added sensor with name join-latency
main DEBUG [2017-10-16 16:30:13,835] metrics.Metrics - Added sensor with name sync-latency
main DEBUG [2017-10-16 16:30:13,838] metrics.Metrics - Added sensor with name commit-latency
main DEBUG [2017-10-16 16:30:13,846] metrics.Metrics - Added sensor with name bytes-fetched
main DEBUG [2017-10-16 16:30:13,847] metrics.Metrics - Added sensor with name records-fetched
main DEBUG [2017-10-16 16:30:13,847] metrics.Metrics - Added sensor with name fetch-latency
main DEBUG [2017-10-16 16:30:13,848] metrics.Metrics - Added sensor with name records-lag
main DEBUG [2017-10-16 16:30:13,848] metrics.Metrics - Added sensor with name fetch-throttle-time
main  INFO [2017-10-16 16:30:13,850] utils.AppInfoParser - Kafka version : 0.10.0.1
main  INFO [2017-10-16 16:30:13,850] utils.AppInfoParser - Kafka commitId : a7a17cdec9eaa6c5
main DEBUG [2017-10-16 16:30:13,851] consumer.KafkaConsumer - Kafka consumer created
main DEBUG [2017-10-16 16:30:13,851] consumer.KafkaConsumer - Subscribed to topic(s): CECommunications
main DEBUG [2017-10-16 16:30:13,852] internals.AbstractCoordinator - Sending coordinator request for group ConsumerGroup to broker nycuvig1kafka01.ahmcert.com:9092 (id: -1 rack: null)
main DEBUG [2017-10-16 16:30:13,872] clients.NetworkClient - Initiating connection to node -1 at nycuvig1kafka01.ahmcert.com:9092.
main DEBUG [2017-10-16 16:30:13,880] authenticator.SaslClientAuthenticator - Set SASL client state to SEND_HANDSHAKE_REQUEST
main DEBUG [2017-10-16 16:30:13,882] authenticator.SaslClientAuthenticator - Creating SaslClient: client=careengineuser@AHMCERT.COM;service=kafka;serviceHostname=nycuvig1kafka01.ahmcert.com;mechs=[GSSAPI]
main DEBUG [2017-10-16 16:30:13,894] metrics.Metrics - Added sensor with name node--1.bytes-sent
main DEBUG [2017-10-16 16:30:13,895] metrics.Metrics - Added sensor with name node--1.bytes-received
main DEBUG [2017-10-16 16:30:13,895] metrics.Metrics - Added sensor with name node--1.latency
main DEBUG [2017-10-16 16:30:13,912] authenticator.SaslClientAuthenticator - Set SASL client state to RECEIVE_HANDSHAKE_RESPONSE
main DEBUG [2017-10-16 16:30:13,912] clients.NetworkClient - Completed connection to node -1
main DEBUG [2017-10-16 16:30:13,914] authenticator.SaslClientAuthenticator - Set SASL client state to INITIAL
main DEBUG [2017-10-16 16:30:14,049] authenticator.SaslClientAuthenticator - Set SASL client state to INTERMEDIATE
main DEBUG [2017-10-16 16:30:14,053] authenticator.SaslClientAuthenticator - Set SASL client state to COMPLETE
main DEBUG [2017-10-16 16:30:14,153] clients.NetworkClient - Sending metadata request {topics=[CECommunications]} to node -1
main DEBUG [2017-10-16 16:30:14,161] clients.Metadata - Updated cluster metadata version 2 to Cluster(nodes = [nycuvig1kafka01.ahmcert.com:9092 (id: 0 rack: null)], partitions = [Partition(topic = CECommunications, partition = 0, leader = 0, replicas = [0,], isr = [0,], Partition(topic = CECommunications, partition = 1, leader = 0, replicas = [0,], isr = [0,]])
main DEBUG [2017-10-16 16:30:14,162] internals.AbstractCoordinator - Received group coordinator response ClientResponse(receivedTimeMs=1508185814161, disconnected=false, request=ClientRequest(expectResponse=true, callback=org.apache.kafka.clients.consumer.internals.ConsumerNetworkClient$RequestFutureCompletionHandler@5db5adb0, request=RequestSend(header={api_key=10,api_version=0,correlation_id=0,client_id=consumer-1}, body={group_id=ConsumerGroup}), createdTimeMs=1508185813868, sendTimeMs=1508185814154), responseBody={error_code=0,coordinator={node_id=0,host=nycuvig1kafka01.ahmcert.com,port=9092}})
main  INFO [2017-10-16 16:30:14,163] internals.AbstractCoordinator - Discovered coordinator nycuvig1kafka01.ahmcert.com:9092 (id: 2147483647 rack: null) for group ConsumerGroup.
main DEBUG [2017-10-16 16:30:14,164] clients.NetworkClient - Initiating connection to node 2147483647 at nycuvig1kafka01.ahmcert.com:9092.
main DEBUG [2017-10-16 16:30:14,164] authenticator.SaslClientAuthenticator - Set SASL client state to SEND_HANDSHAKE_REQUEST
main DEBUG [2017-10-16 16:30:14,165] authenticator.SaslClientAuthenticator - Creating SaslClient: client=careengineuser@AHMCERT.COM;service=kafka;serviceHostname=nycuvig1kafka01.ahmcert.com;mechs=[GSSAPI]
main  INFO [2017-10-16 16:30:14,167] internals.ConsumerCoordinator - Revoking previously assigned partitions [] for group ConsumerGroup
main  INFO [2017-10-16 16:30:14,167] internals.AbstractCoordinator - (Re-)joining group ConsumerGroup
main DEBUG [2017-10-16 16:30:14,169] internals.AbstractCoordinator - Sending JoinGroup ({group_id=ConsumerGroup,session_timeout=30000,member_id=,protocol_type=consumer,group_protocols=[{protocol_name=range,protocol_metadata=java.nio.HeapByteBuffer[pos=0 lim=28 cap=28]}]}) to coordinator nycuvig1kafka01.ahmcert.com:9092 (id: 2147483647 rack: null)
main DEBUG [2017-10-16 16:30:14,170] metrics.Metrics - Added sensor with name node-2147483647.bytes-sent
main DEBUG [2017-10-16 16:30:14,171] metrics.Metrics - Added sensor with name node-2147483647.bytes-received
main DEBUG [2017-10-16 16:30:14,171] metrics.Metrics - Added sensor with name node-2147483647.latency
main DEBUG [2017-10-16 16:30:14,172] authenticator.SaslClientAuthenticator - Set SASL client state to RECEIVE_HANDSHAKE_RESPONSE
main DEBUG [2017-10-16 16:30:14,172] clients.NetworkClient - Completed connection to node 2147483647
main DEBUG [2017-10-16 16:30:14,172] authenticator.SaslClientAuthenticator - Set SASL client state to INITIAL
main DEBUG [2017-10-16 16:30:14,175] authenticator.SaslClientAuthenticator - Set SASL client state to INTERMEDIATE
main DEBUG [2017-10-16 16:30:14,178] authenticator.SaslClientAuthenticator - Set SASL client state to COMPLETE
main DEBUG [2017-10-16 16:30:14,180] internals.AbstractCoordinator - Received successful join group response for group ConsumerGroup: {error_code=0,generation_id=1,group_protocol=range,leader_id=consumer-1-73e0f8b5-0aac-4156-8c38-ed2b4850e4d8,member_id=consumer-1-73e0f8b5-0aac-4156-8c38-ed2b4850e4d8,members=[{member_id=consumer-1-73e0f8b5-0aac-4156-8c38-ed2b4850e4d8,member_metadata=java.nio.HeapByteBuffer[pos=0 lim=28 cap=28]}]}
main DEBUG [2017-10-16 16:30:14,181] internals.ConsumerCoordinator - Performing assignment for group ConsumerGroup using strategy range with subscriptions {consumer-1-73e0f8b5-0aac-4156-8c38-ed2b4850e4d8=Subscription(topics=[CECommunications])}
main DEBUG [2017-10-16 16:30:14,182] internals.ConsumerCoordinator - Finished assignment for group ConsumerGroup: {consumer-1-73e0f8b5-0aac-4156-8c38-ed2b4850e4d8=Assignment(partitions=[CECommunications-0, CECommunications-1])}
main DEBUG [2017-10-16 16:30:14,183] internals.AbstractCoordinator - Sending leader SyncGroup for group ConsumerGroup to coordinator nycuvig1kafka01.ahmcert.com:9092 (id: 2147483647 rack: null): {group_id=ConsumerGroup,generation_id=1,member_id=consumer-1-73e0f8b5-0aac-4156-8c38-ed2b4850e4d8,group_assignment=[{member_id=consumer-1-73e0f8b5-0aac-4156-8c38-ed2b4850e4d8,member_assignment=java.nio.HeapByteBuffer[pos=0 lim=40 cap=40]}]}
main  INFO [2017-10-16 16:30:14,186] internals.AbstractCoordinator - Successfully joined group ConsumerGroup with generation 1
main  INFO [2017-10-16 16:30:14,187] internals.ConsumerCoordinator - Setting newly assigned partitions [CECommunications-1, CECommunications-0] for group ConsumerGroup
main DEBUG [2017-10-16 16:30:14,187] internals.ConsumerCoordinator - Group ConsumerGroup fetching committed offsets for partitions: [CECommunications-1, CECommunications-0]
main DEBUG [2017-10-16 16:30:14,191] internals.ConsumerCoordinator - Group ConsumerGroup has no committed offset for partition CECommunications-1
main DEBUG [2017-10-16 16:30:14,191] internals.ConsumerCoordinator - Group ConsumerGroup has no committed offset for partition CECommunications-0
main DEBUG [2017-10-16 16:30:14,191] internals.Fetcher - Resetting offset for partition CECommunications-1 to latest offset.
main DEBUG [2017-10-16 16:30:14,193] clients.NetworkClient - Initiating connection to node 0 at nycuvig1kafka01.ahmcert.com:9092.
main DEBUG [2017-10-16 16:30:14,193] authenticator.SaslClientAuthenticator - Set SASL client state to SEND_HANDSHAKE_REQUEST
main DEBUG [2017-10-16 16:30:14,193] authenticator.SaslClientAuthenticator - Creating SaslClient: client=careengineuser@AHMCERT.COM;service=kafka;serviceHostname=nycuvig1kafka01.ahmcert.com;mechs=[GSSAPI]
main DEBUG [2017-10-16 16:30:14,194] metrics.Metrics - Added sensor with name node-0.bytes-sent
main DEBUG [2017-10-16 16:30:14,195] metrics.Metrics - Added sensor with name node-0.bytes-received
main DEBUG [2017-10-16 16:30:14,195] metrics.Metrics - Added sensor with name node-0.latency
main DEBUG [2017-10-16 16:30:14,196] authenticator.SaslClientAuthenticator - Set SASL client state to RECEIVE_HANDSHAKE_RESPONSE
main DEBUG [2017-10-16 16:30:14,196] clients.NetworkClient - Completed connection to node 0
main DEBUG [2017-10-16 16:30:14,196] authenticator.SaslClientAuthenticator - Set SASL client state to INITIAL
main DEBUG [2017-10-16 16:30:14,198] authenticator.SaslClientAuthenticator - Set SASL client state to INTERMEDIATE
main DEBUG [2017-10-16 16:30:14,201] authenticator.SaslClientAuthenticator - Set SASL client state to COMPLETE
main DEBUG [2017-10-16 16:30:14,203] internals.Fetcher - Fetched offset 29 for partition CECommunications-1
main DEBUG [2017-10-16 16:30:14,204] internals.Fetcher - Resetting offset for partition CECommunications-0 to latest offset.
main DEBUG [2017-10-16 16:30:14,205] internals.Fetcher - Fetched offset 10 for partition CECommunications-0
main DEBUG [2017-10-16 16:30:14,717] metrics.Metrics - Added sensor with name topic.CECommunications.bytes-fetched
main DEBUG [2017-10-16 16:30:14,718] metrics.Metrics - Added sensor with name topic.CECommunications.records-fetched
main DEBUG [2017-10-16 16:30:14,846] internals.ConsumerCoordinator - Group ConsumerGroup committed offset 29 for partition CECommunications-1
main DEBUG [2017-10-16 16:30:14,846] internals.ConsumerCoordinator - Group ConsumerGroup committed offset 10 for partition CECommunications-0
main DEBUG [2017-10-16 16:30:15,190] internals.ConsumerCoordinator - Group ConsumerGroup committed offset 29 for partition CECommunications-1
main DEBUG [2017-10-16 16:30:15,190] internals.ConsumerCoordinator - Group ConsumerGroup committed offset 10 for partition CECommunications-0
main DEBUG [2017-10-16 16:30:15,840] internals.ConsumerCoordinator - Group ConsumerGroup committed offset 29 for partition CECommunications-1
main DEBUG [2017-10-16 16:30:15,840] internals.ConsumerCoordinator - Group ConsumerGroup committed offset 10 for partition CECommunications-0
main DEBUG [2017-10-16 16:30:16,189] internals.ConsumerCoordinator - Group ConsumerGroup committed offset 29 for partition CECommunications-1
main DEBUG [2017-10-16 16:30:16,189] internals.ConsumerCoordinator - Group ConsumerGroup committed offset 10 for partition CECommunications-0
main DEBUG [2017-10-16 16:30:16,841] internals.ConsumerCoordinator - Group ConsumerGroup committed offset 29 for partition CECommunications-1
main DEBUG [2017-10-16 16:30:16,841] internals.ConsumerCoordinator - Group ConsumerGroup committed offset 10 for partition CECommunications-0
main DEBUG [2017-10-16 16:30:17,191] internals.ConsumerCoordinator - Group ConsumerGroup committed offset 29 for partition CECommunications-1
main DEBUG [2017-10-16 16:30:17,192] internals.ConsumerCoordinator - Group ConsumerGroup committed offset 10 for partition CECommunications-0
main DEBUG [2017-10-16 16:30:17,193] internals.AbstractCoordinator - Received successful heartbeat response for group ConsumerGroup
main DEBUG [2017-10-16 16:30:17,841] internals.ConsumerCoordinator - Group ConsumerGroup committed offset 29 for partition CECommunications-1
main DEBUG [2017-10-16 16:30:17,841] internals.ConsumerCoordinator - Group ConsumerGroup committed offset 10 for partition CECommunications-0
main DEBUG [2017-10-16 16:30:18,189] internals.ConsumerCoordinator - Group ConsumerGroup committed offset 29 for partition CECommunications-1
main DEBUG [2017-10-16 16:30:18,190] internals.ConsumerCoordinator - Group ConsumerGroup committed offset 10 for partition CECommunications-0
main DEBUG [2017-10-16 16:30:18,841] internals.ConsumerCoordinator - Group ConsumerGroup committed offset 29 for partition CECommunications-1
main DEBUG [2017-10-16 16:30:18,841] internals.ConsumerCoordinator - Group ConsumerGroup committed offset 10 for partition CECommunications-0
main DEBUG [2017-10-16 16:30:19,189] internals.ConsumerCoordinator - Group ConsumerGroup committed offset 29 for partition CECommunications-1
main DEBUG [2017-10-16 16:30:19,190] internals.ConsumerCoordinator - Group ConsumerGroup committed offset 10 for partition CECommunications-0
main DEBUG [2017-10-16 16:30:19,842] internals.ConsumerCoordinator - Group ConsumerGroup committed offset 29 for partition CECommunications-1
main DEBUG [2017-10-16 16:30:19,842] internals.ConsumerCoordinator - Group ConsumerGroup committed offset 10 for partition CECommunications-0
main DEBUG [2017-10-16 16:30:20,190] internals.ConsumerCoordinator - Group ConsumerGroup committed offset 29 for partition CECommunications-1
main DEBUG [2017-10-16 16:30:20,190] internals.ConsumerCoordinator - Group ConsumerGroup committed offset 10 for partition CECommunications-0
main DEBUG [2017-10-16 16:30:20,191] internals.AbstractCoordinator - Received successful heartbeat response for group ConsumerGroup
main DEBUG [2017-10-16 16:30:20,841] internals.ConsumerCoordinator - Group ConsumerGroup committed offset 29 for partition CECommunications-1
main DEBUG [2017-10-16 16:30:20,841] internals.ConsumerCoordinator - Group ConsumerGroup committed offset 10 for partition CECommunications-0
main DEBUG [2017-10-16 16:30:21,190] internals.ConsumerCoordinator - Group ConsumerGroup committed offset 29 for partition CECommunications-1
main DEBUG [2017-10-16 16:30:21,190] internals.ConsumerCoordinator - Group ConsumerGroup committed offset 10 for partition CECommunications-0
main DEBUG [2017-10-16 16:30:21,841] internals.ConsumerCoordinator - Group ConsumerGroup committed offset 29 for partition CECommunications-1
main DEBUG [2017-10-16 16:30:21,841] internals.ConsumerCoordinator - Group ConsumerGroup committed offset 10 for partition CECommunications-0
main DEBUG [2017-10-16 16:30:22,190] internals.ConsumerCoordinator - Group ConsumerGroup committed offset 29 for partition CECommunications-1
main DEBUG [2017-10-16 16:30:22,191] internals.ConsumerCoordinator - Group ConsumerGroup committed offset 10 for partition CECommunications-0
main DEBUG [2017-10-16 16:30:22,842] internals.ConsumerCoordinator - Group ConsumerGroup committed offset 29 for partition CECommunications-1
main DEBUG [2017-10-16 16:30:22,843] internals.ConsumerCoordinator - Group ConsumerGroup committed offset 10 for partition CECommunications-0
main DEBUG [2017-10-16 16:30:23,190] internals.AbstractCoordinator - Received successful heartbeat response for group ConsumerGroup
main DEBUG [2017-10-16 16:30:23,190] internals.ConsumerCoordinator - Group ConsumerGroup committed offset 29 for partition CECommunications-1
main DEBUG [2017-10-16 16:30:23,191] internals.ConsumerCoordinator - Group ConsumerGroup committed offset 10 for partition CECommunications-0
main DEBUG [2017-10-16 16:30:23,843] internals.ConsumerCoordinator - Group ConsumerGroup committed offset 29 for partition CECommunications-1
main DEBUG [2017-10-16 16:30:23,844] internals.ConsumerCoordinator - Group ConsumerGroup committed offset 10 for partition CECommunications-0
main DEBUG [2017-10-16 16:30:24,191] internals.ConsumerCoordinator - Group ConsumerGroup committed offset 29 for partition CECommunications-1
main DEBUG [2017-10-16 16:30:24,191] internals.ConsumerCoordinator - Group ConsumerGroup committed offset 10 for partition CECommunications-0
main DEBUG [2017-10-16 16:30:24,844] internals.ConsumerCoordinator - Group ConsumerGroup committed offset 29 for partition CECommunications-1
main DEBUG [2017-10-16 16:30:24,844] internals.ConsumerCoordinator - Group ConsumerGroup committed offset 10 for partition CECommunications-0
main DEBUG [2017-10-16 16:30:25,192] internals.ConsumerCoordinator - Group ConsumerGroup committed offset 29 for partition CECommunications-1
main DEBUG [2017-10-16 16:30:25,192] internals.ConsumerCoordinator - Group ConsumerGroup committed offset 10 for partition CECommunications-0
main DEBUG [2017-10-16 16:30:25,844] internals.ConsumerCoordinator - Group ConsumerGroup committed offset 29 for partition CECommunications-1
main DEBUG [2017-10-16 16:30:25,844] internals.ConsumerCoordinator - Group ConsumerGroup committed offset 10 for partition CECommunications-0
main DEBUG [2017-10-16 16:30:26,189] internals.AbstractCoordinator - Received successful heartbeat response for group ConsumerGroup
main DEBUG [2017-10-16 16:30:26,191] internals.ConsumerCoordinator - Group ConsumerGroup committed offset 29 for partition CECommunications-1
main DEBUG [2017-10-16 16:30:26,192] internals.ConsumerCoordinator - Group ConsumerGroup committed offset 10 for partition CECommunications-0
main DEBUG [2017-10-16 16:30:26,844] internals.ConsumerCoordinator - Group ConsumerGroup committed offset 29 for partition CECommunications-1
main DEBUG [2017-10-16 16:30:26,844] internals.ConsumerCoordinator - Group ConsumerGroup committed offset 10 for partition CECommunications-0
main DEBUG [2017-10-16 16:30:27,191] internals.ConsumerCoordinator - Group ConsumerGroup committed offset 29 for partition CECommunications-1
main DEBUG [2017-10-16 16:30:27,191] internals.ConsumerCoordinator - Group ConsumerGroup committed offset 10 for partition CECommunications-0
main DEBUG [2017-10-16 16:30:27,845] internals.ConsumerCoordinator - Group ConsumerGroup committed offset 29 for partition CECommunications-1
main DEBUG [2017-10-16 16:30:27,845] internals.ConsumerCoordinator - Group ConsumerGroup committed offset 10 for partition CECommunications-0
main DEBUG [2017-10-16 16:30:28,191] internals.ConsumerCoordinator - Group ConsumerGroup committed offset 29 for partition CECommunications-1
main DEBUG [2017-10-16 16:30:28,191] internals.ConsumerCoordinator - Group ConsumerGroup committed offset 10 for partition CECommunications-0
main DEBUG [2017-10-16 16:30:28,845] internals.ConsumerCoordinator - Group ConsumerGroup committed offset 29 for partition CECommunications-1
main DEBUG [2017-10-16 16:30:28,845] internals.ConsumerCoordinator - Group ConsumerGroup committed offset 10 for partition CECommunications-0
main DEBUG [2017-10-16 16:30:29,189] internals.AbstractCoordinator - Received successful heartbeat response for group ConsumerGroup
main DEBUG [2017-10-16 16:30:29,192] internals.ConsumerCoordinator - Group ConsumerGroup committed offset 29 for partition CECommunications-1
main DEBUG [2017-10-16 16:30:29,192] internals.ConsumerCoordinator - Group ConsumerGroup committed offset 10 for partition CECommunications-0
main DEBUG [2017-10-16 16:30:29,845] internals.ConsumerCoordinator - Group ConsumerGroup committed offset 29 for partition CECommunications-1
main DEBUG [2017-10-16 16:30:29,846] internals.ConsumerCoordinator - Group ConsumerGroup committed offset 10 for partition CECommunications-0
main DEBUG [2017-10-16 16:30:30,194] internals.ConsumerCoordinator - Group ConsumerGroup committed offset 29 for partition CECommunications-1
main DEBUG [2017-10-16 16:30:30,194] internals.ConsumerCoordinator - Group ConsumerGroup committed offset 10 for partition CECommunications-0
main DEBUG [2017-10-16 16:30:30,846] internals.ConsumerCoordinator - Group ConsumerGroup committed offset 29 for partition CECommunications-1
main DEBUG [2017-10-16 16:30:30,846] internals.ConsumerCoordinator - Group ConsumerGroup committed offset 10 for partition CECommunications-0
main DEBUG [2017-10-16 16:30:31,194] internals.ConsumerCoordinator - Group ConsumerGroup committed offset 29 for partition CECommunications-1
main DEBUG [2017-10-16 16:30:31,194] internals.ConsumerCoordinator - Group ConsumerGroup committed offset 10 for partition CECommunications-0
main  INFO [2017-10-16 16:31:24,714] consumer.ConsumerConfig - ConsumerConfig values: 
	interceptor.classes = null
	request.timeout.ms = 40000
	check.crcs = true
	ssl.truststore.password = null
	retry.backoff.ms = 100
	ssl.keymanager.algorithm = SunX509
	receive.buffer.bytes = 65536
	ssl.key.password = null
	ssl.cipher.suites = null
	sasl.kerberos.ticket.renew.jitter = 0.05
	sasl.kerberos.service.name = kafka
	ssl.provider = null
	session.timeout.ms = 30000
	sasl.kerberos.ticket.renew.window.factor = 0.8
	sasl.mechanism = GSSAPI
	max.poll.records = 2147483647
	bootstrap.servers = [nycuvig1kafka01.ahmcert.com:9092]
	client.id = 
	fetch.max.wait.ms = 500
	fetch.min.bytes = 1
	key.deserializer = class org.apache.kafka.common.serialization.StringDeserializer
	auto.offset.reset = latest
	value.deserializer = class org.apache.kafka.common.serialization.StringDeserializer
	sasl.kerberos.kinit.cmd = /usr/bin/kinit
	ssl.enabled.protocols = [TLSv1.2, TLSv1.1, TLSv1]
	max.partition.fetch.bytes = 1048576
	partition.assignment.strategy = [org.apache.kafka.clients.consumer.RangeAssignor]
	ssl.endpoint.identification.algorithm = null
	ssl.keystore.location = null
	ssl.truststore.location = null
	exclude.internal.topics = true
	ssl.keystore.password = null
	metrics.sample.window.ms = 30000
	security.protocol = SASL_PLAINTEXT
	metadata.max.age.ms = 300000
	auto.commit.interval.ms = 1000
	ssl.protocol = TLS
	sasl.kerberos.min.time.before.relogin = 60000
	connections.max.idle.ms = 540000
	ssl.trustmanager.algorithm = PKIX
	group.id = ConsumerGroup
	enable.auto.commit = true
	metric.reporters = []
	ssl.truststore.type = JKS
	send.buffer.bytes = 131072
	reconnect.backoff.ms = 50
	metrics.num.samples = 2
	ssl.keystore.type = JKS
	heartbeat.interval.ms = 3000

main DEBUG [2017-10-16 16:31:24,718] consumer.KafkaConsumer - Starting the Kafka consumer
main DEBUG [2017-10-16 16:31:24,729] clients.Metadata - Updated cluster metadata version 1 to Cluster(nodes = [nycuvig1kafka01.ahmcert.com:9092 (id: -1 rack: null)], partitions = [])
main  INFO [2017-10-16 16:31:25,106] authenticator.AbstractLogin - Successfully logged in.
main DEBUG [2017-10-16 16:31:25,107] kerberos.KerberosLogin - It is a Kerberos ticket
kafka-kerberos-refresh-thread  INFO [2017-10-16 16:31:25,110] kerberos.KerberosLogin - TGT refresh thread started.
kafka-kerberos-refresh-thread DEBUG [2017-10-16 16:31:25,111] kerberos.KerberosLogin - Found TGT with client principal 'careengineuser@AHMCERT.COM' and server principal 'krbtgt/AHMCERT.COM@AHMCERT.COM'.
kafka-kerberos-refresh-thread  INFO [2017-10-16 16:31:25,111] kerberos.KerberosLogin - TGT valid starting at: 2017-10-16T16:31:24.000-0400
kafka-kerberos-refresh-thread  INFO [2017-10-16 16:31:25,112] kerberos.KerberosLogin - TGT expires: 2017-10-17T16:31:24.000-0400
kafka-kerberos-refresh-thread  INFO [2017-10-16 16:31:25,112] kerberos.KerberosLogin - TGT refresh sleeping until: 2017-10-17T12:31:07.241-0400
main DEBUG [2017-10-16 16:31:25,118] metrics.Metrics - Added sensor with name connections-closed:
main DEBUG [2017-10-16 16:31:25,119] metrics.Metrics - Added sensor with name connections-created:
main DEBUG [2017-10-16 16:31:25,120] metrics.Metrics - Added sensor with name bytes-sent-received:
main DEBUG [2017-10-16 16:31:25,120] metrics.Metrics - Added sensor with name bytes-sent:
main DEBUG [2017-10-16 16:31:25,121] metrics.Metrics - Added sensor with name bytes-received:
main DEBUG [2017-10-16 16:31:25,122] metrics.Metrics - Added sensor with name select-time:
main DEBUG [2017-10-16 16:31:25,122] metrics.Metrics - Added sensor with name io-time:
main  INFO [2017-10-16 16:31:25,132] consumer.ConsumerConfig - ConsumerConfig values: 
	interceptor.classes = null
	request.timeout.ms = 40000
	check.crcs = true
	ssl.truststore.password = null
	retry.backoff.ms = 100
	ssl.keymanager.algorithm = SunX509
	receive.buffer.bytes = 65536
	ssl.key.password = null
	ssl.cipher.suites = null
	sasl.kerberos.ticket.renew.jitter = 0.05
	sasl.kerberos.service.name = kafka
	ssl.provider = null
	session.timeout.ms = 30000
	sasl.kerberos.ticket.renew.window.factor = 0.8
	sasl.mechanism = GSSAPI
	max.poll.records = 2147483647
	bootstrap.servers = [nycuvig1kafka01.ahmcert.com:9092]
	client.id = consumer-1
	fetch.max.wait.ms = 500
	fetch.min.bytes = 1
	key.deserializer = class org.apache.kafka.common.serialization.StringDeserializer
	auto.offset.reset = latest
	value.deserializer = class org.apache.kafka.common.serialization.StringDeserializer
	sasl.kerberos.kinit.cmd = /usr/bin/kinit
	ssl.enabled.protocols = [TLSv1.2, TLSv1.1, TLSv1]
	max.partition.fetch.bytes = 1048576
	partition.assignment.strategy = [org.apache.kafka.clients.consumer.RangeAssignor]
	ssl.endpoint.identification.algorithm = null
	ssl.keystore.location = null
	ssl.truststore.location = null
	exclude.internal.topics = true
	ssl.keystore.password = null
	metrics.sample.window.ms = 30000
	security.protocol = SASL_PLAINTEXT
	metadata.max.age.ms = 300000
	auto.commit.interval.ms = 1000
	ssl.protocol = TLS
	sasl.kerberos.min.time.before.relogin = 60000
	connections.max.idle.ms = 540000
	ssl.trustmanager.algorithm = PKIX
	group.id = ConsumerGroup
	enable.auto.commit = true
	metric.reporters = []
	ssl.truststore.type = JKS
	send.buffer.bytes = 131072
	reconnect.backoff.ms = 50
	metrics.num.samples = 2
	ssl.keystore.type = JKS
	heartbeat.interval.ms = 3000

main DEBUG [2017-10-16 16:31:25,148] metrics.Metrics - Added sensor with name heartbeat-latency
main DEBUG [2017-10-16 16:31:25,148] metrics.Metrics - Added sensor with name join-latency
main DEBUG [2017-10-16 16:31:25,149] metrics.Metrics - Added sensor with name sync-latency
main DEBUG [2017-10-16 16:31:25,152] metrics.Metrics - Added sensor with name commit-latency
main DEBUG [2017-10-16 16:31:25,160] metrics.Metrics - Added sensor with name bytes-fetched
main DEBUG [2017-10-16 16:31:25,161] metrics.Metrics - Added sensor with name records-fetched
main DEBUG [2017-10-16 16:31:25,161] metrics.Metrics - Added sensor with name fetch-latency
main DEBUG [2017-10-16 16:31:25,161] metrics.Metrics - Added sensor with name records-lag
main DEBUG [2017-10-16 16:31:25,162] metrics.Metrics - Added sensor with name fetch-throttle-time
main  INFO [2017-10-16 16:31:25,164] utils.AppInfoParser - Kafka version : 0.10.0.1
main  INFO [2017-10-16 16:31:25,164] utils.AppInfoParser - Kafka commitId : a7a17cdec9eaa6c5
main DEBUG [2017-10-16 16:31:25,165] consumer.KafkaConsumer - Kafka consumer created
main DEBUG [2017-10-16 16:31:25,165] consumer.KafkaConsumer - Subscribed to topic(s): CECommunications
main DEBUG [2017-10-16 16:31:25,166] internals.AbstractCoordinator - Sending coordinator request for group ConsumerGroup to broker nycuvig1kafka01.ahmcert.com:9092 (id: -1 rack: null)
main DEBUG [2017-10-16 16:31:25,186] clients.NetworkClient - Initiating connection to node -1 at nycuvig1kafka01.ahmcert.com:9092.
main DEBUG [2017-10-16 16:31:25,195] authenticator.SaslClientAuthenticator - Set SASL client state to SEND_HANDSHAKE_REQUEST
main DEBUG [2017-10-16 16:31:25,196] authenticator.SaslClientAuthenticator - Creating SaslClient: client=careengineuser@AHMCERT.COM;service=kafka;serviceHostname=nycuvig1kafka01.ahmcert.com;mechs=[GSSAPI]
main DEBUG [2017-10-16 16:31:25,211] metrics.Metrics - Added sensor with name node--1.bytes-sent
main DEBUG [2017-10-16 16:31:25,212] metrics.Metrics - Added sensor with name node--1.bytes-received
main DEBUG [2017-10-16 16:31:25,213] metrics.Metrics - Added sensor with name node--1.latency
main DEBUG [2017-10-16 16:31:25,227] authenticator.SaslClientAuthenticator - Set SASL client state to RECEIVE_HANDSHAKE_RESPONSE
main DEBUG [2017-10-16 16:31:25,228] clients.NetworkClient - Completed connection to node -1
main DEBUG [2017-10-16 16:31:25,230] authenticator.SaslClientAuthenticator - Set SASL client state to INITIAL
main DEBUG [2017-10-16 16:31:25,373] authenticator.SaslClientAuthenticator - Set SASL client state to INTERMEDIATE
main DEBUG [2017-10-16 16:31:25,377] authenticator.SaslClientAuthenticator - Set SASL client state to COMPLETE
main DEBUG [2017-10-16 16:31:25,475] clients.NetworkClient - Sending metadata request {topics=[CECommunications]} to node -1
main DEBUG [2017-10-16 16:31:25,480] clients.Metadata - Updated cluster metadata version 2 to Cluster(nodes = [nycuvig1kafka01.ahmcert.com:9092 (id: 0 rack: null)], partitions = [Partition(topic = CECommunications, partition = 0, leader = 0, replicas = [0,], isr = [0,], Partition(topic = CECommunications, partition = 1, leader = 0, replicas = [0,], isr = [0,]])
main DEBUG [2017-10-16 16:31:25,481] internals.AbstractCoordinator - Received group coordinator response ClientResponse(receivedTimeMs=1508185885480, disconnected=false, request=ClientRequest(expectResponse=true, callback=org.apache.kafka.clients.consumer.internals.ConsumerNetworkClient$RequestFutureCompletionHandler@429e2de0, request=RequestSend(header={api_key=10,api_version=0,correlation_id=0,client_id=consumer-1}, body={group_id=ConsumerGroup}), createdTimeMs=1508185885182, sendTimeMs=1508185885476), responseBody={error_code=0,coordinator={node_id=0,host=nycuvig1kafka01.ahmcert.com,port=9092}})
main  INFO [2017-10-16 16:31:25,482] internals.AbstractCoordinator - Discovered coordinator nycuvig1kafka01.ahmcert.com:9092 (id: 2147483647 rack: null) for group ConsumerGroup.
main DEBUG [2017-10-16 16:31:25,482] clients.NetworkClient - Initiating connection to node 2147483647 at nycuvig1kafka01.ahmcert.com:9092.
main DEBUG [2017-10-16 16:31:25,482] authenticator.SaslClientAuthenticator - Set SASL client state to SEND_HANDSHAKE_REQUEST
main DEBUG [2017-10-16 16:31:25,482] authenticator.SaslClientAuthenticator - Creating SaslClient: client=careengineuser@AHMCERT.COM;service=kafka;serviceHostname=nycuvig1kafka01.ahmcert.com;mechs=[GSSAPI]
main  INFO [2017-10-16 16:31:25,484] internals.ConsumerCoordinator - Revoking previously assigned partitions [] for group ConsumerGroup
main  INFO [2017-10-16 16:31:25,484] internals.AbstractCoordinator - (Re-)joining group ConsumerGroup
main DEBUG [2017-10-16 16:31:25,486] internals.AbstractCoordinator - Sending JoinGroup ({group_id=ConsumerGroup,session_timeout=30000,member_id=,protocol_type=consumer,group_protocols=[{protocol_name=range,protocol_metadata=java.nio.HeapByteBuffer[pos=0 lim=28 cap=28]}]}) to coordinator nycuvig1kafka01.ahmcert.com:9092 (id: 2147483647 rack: null)
main DEBUG [2017-10-16 16:31:25,487] metrics.Metrics - Added sensor with name node-2147483647.bytes-sent
main DEBUG [2017-10-16 16:31:25,488] metrics.Metrics - Added sensor with name node-2147483647.bytes-received
main DEBUG [2017-10-16 16:31:25,488] metrics.Metrics - Added sensor with name node-2147483647.latency
main DEBUG [2017-10-16 16:31:25,488] authenticator.SaslClientAuthenticator - Set SASL client state to RECEIVE_HANDSHAKE_RESPONSE
main DEBUG [2017-10-16 16:31:25,489] clients.NetworkClient - Completed connection to node 2147483647
main DEBUG [2017-10-16 16:31:25,489] authenticator.SaslClientAuthenticator - Set SASL client state to INITIAL
main DEBUG [2017-10-16 16:31:25,492] authenticator.SaslClientAuthenticator - Set SASL client state to INTERMEDIATE
main DEBUG [2017-10-16 16:31:25,495] authenticator.SaslClientAuthenticator - Set SASL client state to COMPLETE
main DEBUG [2017-10-16 16:31:25,499] internals.AbstractCoordinator - Received successful join group response for group ConsumerGroup: {error_code=0,generation_id=1,group_protocol=range,leader_id=consumer-1-8af9b569-bb4e-4660-ab7e-206e7de429ae,member_id=consumer-1-8af9b569-bb4e-4660-ab7e-206e7de429ae,members=[{member_id=consumer-1-8af9b569-bb4e-4660-ab7e-206e7de429ae,member_metadata=java.nio.HeapByteBuffer[pos=0 lim=28 cap=28]}]}
main DEBUG [2017-10-16 16:31:25,499] internals.ConsumerCoordinator - Performing assignment for group ConsumerGroup using strategy range with subscriptions {consumer-1-8af9b569-bb4e-4660-ab7e-206e7de429ae=Subscription(topics=[CECommunications])}
main DEBUG [2017-10-16 16:31:25,500] internals.ConsumerCoordinator - Finished assignment for group ConsumerGroup: {consumer-1-8af9b569-bb4e-4660-ab7e-206e7de429ae=Assignment(partitions=[CECommunications-0, CECommunications-1])}
main DEBUG [2017-10-16 16:31:25,502] internals.AbstractCoordinator - Sending leader SyncGroup for group ConsumerGroup to coordinator nycuvig1kafka01.ahmcert.com:9092 (id: 2147483647 rack: null): {group_id=ConsumerGroup,generation_id=1,member_id=consumer-1-8af9b569-bb4e-4660-ab7e-206e7de429ae,group_assignment=[{member_id=consumer-1-8af9b569-bb4e-4660-ab7e-206e7de429ae,member_assignment=java.nio.HeapByteBuffer[pos=0 lim=40 cap=40]}]}
main  INFO [2017-10-16 16:31:25,505] internals.AbstractCoordinator - Successfully joined group ConsumerGroup with generation 1
main  INFO [2017-10-16 16:31:25,506] internals.ConsumerCoordinator - Setting newly assigned partitions [CECommunications-1, CECommunications-0] for group ConsumerGroup
main DEBUG [2017-10-16 16:31:25,507] internals.ConsumerCoordinator - Group ConsumerGroup fetching committed offsets for partitions: [CECommunications-1, CECommunications-0]
main DEBUG [2017-10-16 16:31:25,510] internals.Fetcher - Resetting offset for partition CECommunications-1 to the committed offset 29
main DEBUG [2017-10-16 16:31:25,510] internals.Fetcher - Resetting offset for partition CECommunications-0 to the committed offset 10
main DEBUG [2017-10-16 16:31:25,512] clients.NetworkClient - Initiating connection to node 0 at nycuvig1kafka01.ahmcert.com:9092.
main DEBUG [2017-10-16 16:31:25,513] authenticator.SaslClientAuthenticator - Set SASL client state to SEND_HANDSHAKE_REQUEST
main DEBUG [2017-10-16 16:31:25,513] authenticator.SaslClientAuthenticator - Creating SaslClient: client=careengineuser@AHMCERT.COM;service=kafka;serviceHostname=nycuvig1kafka01.ahmcert.com;mechs=[GSSAPI]
main DEBUG [2017-10-16 16:31:25,514] metrics.Metrics - Added sensor with name node-0.bytes-sent
main DEBUG [2017-10-16 16:31:25,515] metrics.Metrics - Added sensor with name node-0.bytes-received
main DEBUG [2017-10-16 16:31:25,515] metrics.Metrics - Added sensor with name node-0.latency
main DEBUG [2017-10-16 16:31:25,516] authenticator.SaslClientAuthenticator - Set SASL client state to RECEIVE_HANDSHAKE_RESPONSE
main DEBUG [2017-10-16 16:31:25,516] clients.NetworkClient - Completed connection to node 0
main DEBUG [2017-10-16 16:31:25,519] authenticator.SaslClientAuthenticator - Set SASL client state to INITIAL
main DEBUG [2017-10-16 16:31:25,521] authenticator.SaslClientAuthenticator - Set SASL client state to INTERMEDIATE
main DEBUG [2017-10-16 16:31:25,524] authenticator.SaslClientAuthenticator - Set SASL client state to COMPLETE
main DEBUG [2017-10-16 16:31:26,037] metrics.Metrics - Added sensor with name topic.CECommunications.bytes-fetched
main DEBUG [2017-10-16 16:31:26,037] metrics.Metrics - Added sensor with name topic.CECommunications.records-fetched
main DEBUG [2017-10-16 16:31:26,160] internals.ConsumerCoordinator - Group ConsumerGroup committed offset 29 for partition CECommunications-1
main DEBUG [2017-10-16 16:31:26,161] internals.ConsumerCoordinator - Group ConsumerGroup committed offset 10 for partition CECommunications-0
main DEBUG [2017-10-16 16:31:26,509] internals.ConsumerCoordinator - Group ConsumerGroup committed offset 29 for partition CECommunications-1
main DEBUG [2017-10-16 16:31:26,510] internals.ConsumerCoordinator - Group ConsumerGroup committed offset 10 for partition CECommunications-0
main DEBUG [2017-10-16 16:31:27,155] internals.ConsumerCoordinator - Group ConsumerGroup committed offset 29 for partition CECommunications-1
main DEBUG [2017-10-16 16:31:27,155] internals.ConsumerCoordinator - Group ConsumerGroup committed offset 10 for partition CECommunications-0
main DEBUG [2017-10-16 16:31:27,510] internals.ConsumerCoordinator - Group ConsumerGroup committed offset 29 for partition CECommunications-1
main DEBUG [2017-10-16 16:31:27,510] internals.ConsumerCoordinator - Group ConsumerGroup committed offset 10 for partition CECommunications-0
main DEBUG [2017-10-16 16:31:28,155] internals.ConsumerCoordinator - Group ConsumerGroup committed offset 29 for partition CECommunications-1
main DEBUG [2017-10-16 16:31:28,155] internals.ConsumerCoordinator - Group ConsumerGroup committed offset 10 for partition CECommunications-0
main  INFO [2017-10-16 16:31:42,482] consumer.ConsumerConfig - ConsumerConfig values: 
	interceptor.classes = null
	request.timeout.ms = 40000
	check.crcs = true
	ssl.truststore.password = null
	retry.backoff.ms = 100
	ssl.keymanager.algorithm = SunX509
	receive.buffer.bytes = 65536
	ssl.key.password = null
	ssl.cipher.suites = null
	sasl.kerberos.ticket.renew.jitter = 0.05
	sasl.kerberos.service.name = kafka
	ssl.provider = null
	session.timeout.ms = 30000
	sasl.kerberos.ticket.renew.window.factor = 0.8
	sasl.mechanism = GSSAPI
	max.poll.records = 2147483647
	bootstrap.servers = [nycuvig1kafka01.ahmcert.com:9092]
	client.id = 
	fetch.max.wait.ms = 500
	fetch.min.bytes = 1
	key.deserializer = class org.apache.kafka.common.serialization.StringDeserializer
	auto.offset.reset = latest
	value.deserializer = class org.apache.kafka.common.serialization.StringDeserializer
	sasl.kerberos.kinit.cmd = /usr/bin/kinit
	ssl.enabled.protocols = [TLSv1.2, TLSv1.1, TLSv1]
	max.partition.fetch.bytes = 1048576
	partition.assignment.strategy = [org.apache.kafka.clients.consumer.RangeAssignor]
	ssl.endpoint.identification.algorithm = null
	ssl.keystore.location = null
	ssl.truststore.location = null
	exclude.internal.topics = true
	ssl.keystore.password = null
	metrics.sample.window.ms = 30000
	security.protocol = SASL_PLAINTEXT
	metadata.max.age.ms = 300000
	auto.commit.interval.ms = 1000
	ssl.protocol = TLS
	sasl.kerberos.min.time.before.relogin = 60000
	connections.max.idle.ms = 540000
	ssl.trustmanager.algorithm = PKIX
	group.id = ConsumerGroup
	enable.auto.commit = true
	metric.reporters = []
	ssl.truststore.type = JKS
	send.buffer.bytes = 131072
	reconnect.backoff.ms = 50
	metrics.num.samples = 2
	ssl.keystore.type = JKS
	heartbeat.interval.ms = 3000

main  INFO [2017-10-16 16:31:42,879] authenticator.AbstractLogin - Successfully logged in.
kafka-kerberos-refresh-thread  INFO [2017-10-16 16:31:42,883] kerberos.KerberosLogin - TGT refresh thread started.
kafka-kerberos-refresh-thread  INFO [2017-10-16 16:31:42,885] kerberos.KerberosLogin - TGT valid starting at: 2017-10-16T16:31:42.000-0400
kafka-kerberos-refresh-thread  INFO [2017-10-16 16:31:42,885] kerberos.KerberosLogin - TGT expires: 2017-10-17T16:31:42.000-0400
kafka-kerberos-refresh-thread  INFO [2017-10-16 16:31:42,886] kerberos.KerberosLogin - TGT refresh sleeping until: 2017-10-17T12:38:59.494-0400
main  INFO [2017-10-16 16:31:42,904] consumer.ConsumerConfig - ConsumerConfig values: 
	interceptor.classes = null
	request.timeout.ms = 40000
	check.crcs = true
	ssl.truststore.password = null
	retry.backoff.ms = 100
	ssl.keymanager.algorithm = SunX509
	receive.buffer.bytes = 65536
	ssl.key.password = null
	ssl.cipher.suites = null
	sasl.kerberos.ticket.renew.jitter = 0.05
	sasl.kerberos.service.name = kafka
	ssl.provider = null
	session.timeout.ms = 30000
	sasl.kerberos.ticket.renew.window.factor = 0.8
	sasl.mechanism = GSSAPI
	max.poll.records = 2147483647
	bootstrap.servers = [nycuvig1kafka01.ahmcert.com:9092]
	client.id = consumer-1
	fetch.max.wait.ms = 500
	fetch.min.bytes = 1
	key.deserializer = class org.apache.kafka.common.serialization.StringDeserializer
	auto.offset.reset = latest
	value.deserializer = class org.apache.kafka.common.serialization.StringDeserializer
	sasl.kerberos.kinit.cmd = /usr/bin/kinit
	ssl.enabled.protocols = [TLSv1.2, TLSv1.1, TLSv1]
	max.partition.fetch.bytes = 1048576
	partition.assignment.strategy = [org.apache.kafka.clients.consumer.RangeAssignor]
	ssl.endpoint.identification.algorithm = null
	ssl.keystore.location = null
	ssl.truststore.location = null
	exclude.internal.topics = true
	ssl.keystore.password = null
	metrics.sample.window.ms = 30000
	security.protocol = SASL_PLAINTEXT
	metadata.max.age.ms = 300000
	auto.commit.interval.ms = 1000
	ssl.protocol = TLS
	sasl.kerberos.min.time.before.relogin = 60000
	connections.max.idle.ms = 540000
	ssl.trustmanager.algorithm = PKIX
	group.id = ConsumerGroup
	enable.auto.commit = true
	metric.reporters = []
	ssl.truststore.type = JKS
	send.buffer.bytes = 131072
	reconnect.backoff.ms = 50
	metrics.num.samples = 2
	ssl.keystore.type = JKS
	heartbeat.interval.ms = 3000

main  INFO [2017-10-16 16:31:42,936] utils.AppInfoParser - Kafka version : 0.10.0.1
main  INFO [2017-10-16 16:31:42,936] utils.AppInfoParser - Kafka commitId : a7a17cdec9eaa6c5
main  INFO [2017-10-16 16:31:43,251] internals.AbstractCoordinator - Discovered coordinator nycuvig1kafka01.ahmcert.com:9092 (id: 2147483647 rack: null) for group ConsumerGroup.
main  INFO [2017-10-16 16:31:43,254] internals.ConsumerCoordinator - Revoking previously assigned partitions [] for group ConsumerGroup
main  INFO [2017-10-16 16:31:43,255] internals.AbstractCoordinator - (Re-)joining group ConsumerGroup
main  INFO [2017-10-16 16:31:58,164] internals.AbstractCoordinator - Successfully joined group ConsumerGroup with generation 2
main  INFO [2017-10-16 16:31:58,166] internals.ConsumerCoordinator - Setting newly assigned partitions [CECommunications-1, CECommunications-0] for group ConsumerGroup
main  INFO [2017-10-16 17:00:34,787] consumer.ConsumerConfig - ConsumerConfig values: 
	interceptor.classes = null
	request.timeout.ms = 40000
	check.crcs = true
	ssl.truststore.password = null
	retry.backoff.ms = 100
	ssl.keymanager.algorithm = SunX509
	receive.buffer.bytes = 65536
	ssl.key.password = null
	ssl.cipher.suites = null
	sasl.kerberos.ticket.renew.jitter = 0.05
	sasl.kerberos.service.name = kafka
	ssl.provider = null
	session.timeout.ms = 30000
	sasl.kerberos.ticket.renew.window.factor = 0.8
	sasl.mechanism = GSSAPI
	max.poll.records = 2147483647
	bootstrap.servers = [nycuvig1kafka01.ahmcert.com:9092]
	client.id = 
	fetch.max.wait.ms = 500
	fetch.min.bytes = 1
	key.deserializer = class org.apache.kafka.common.serialization.StringDeserializer
	auto.offset.reset = latest
	value.deserializer = class org.apache.kafka.common.serialization.StringDeserializer
	sasl.kerberos.kinit.cmd = /usr/bin/kinit
	ssl.enabled.protocols = [TLSv1.2, TLSv1.1, TLSv1]
	max.partition.fetch.bytes = 1048576
	partition.assignment.strategy = [org.apache.kafka.clients.consumer.RangeAssignor]
	ssl.endpoint.identification.algorithm = null
	ssl.keystore.location = null
	ssl.truststore.location = null
	exclude.internal.topics = true
	ssl.keystore.password = null
	metrics.sample.window.ms = 30000
	security.protocol = SASL_PLAINTEXT
	metadata.max.age.ms = 300000
	auto.commit.interval.ms = 1000
	ssl.protocol = TLS
	sasl.kerberos.min.time.before.relogin = 60000
	connections.max.idle.ms = 540000
	ssl.trustmanager.algorithm = PKIX
	group.id = ConsumerGroup
	enable.auto.commit = true
	metric.reporters = []
	ssl.truststore.type = JKS
	send.buffer.bytes = 131072
	reconnect.backoff.ms = 50
	metrics.num.samples = 2
	ssl.keystore.type = JKS
	heartbeat.interval.ms = 3000

main  INFO [2017-10-16 17:00:35,179] authenticator.AbstractLogin - Successfully logged in.
kafka-kerberos-refresh-thread  INFO [2017-10-16 17:00:35,182] kerberos.KerberosLogin - TGT refresh thread started.
kafka-kerberos-refresh-thread  INFO [2017-10-16 17:00:35,183] kerberos.KerberosLogin - TGT valid starting at: 2017-10-16T17:00:35.000-0400
kafka-kerberos-refresh-thread  INFO [2017-10-16 17:00:35,183] kerberos.KerberosLogin - TGT expires: 2017-10-17T17:00:35.000-0400
kafka-kerberos-refresh-thread  INFO [2017-10-16 17:00:35,183] kerberos.KerberosLogin - TGT refresh sleeping until: 2017-10-17T12:50:14.639-0400
main  INFO [2017-10-16 17:00:35,203] consumer.ConsumerConfig - ConsumerConfig values: 
	interceptor.classes = null
	request.timeout.ms = 40000
	check.crcs = true
	ssl.truststore.password = null
	retry.backoff.ms = 100
	ssl.keymanager.algorithm = SunX509
	receive.buffer.bytes = 65536
	ssl.key.password = null
	ssl.cipher.suites = null
	sasl.kerberos.ticket.renew.jitter = 0.05
	sasl.kerberos.service.name = kafka
	ssl.provider = null
	session.timeout.ms = 30000
	sasl.kerberos.ticket.renew.window.factor = 0.8
	sasl.mechanism = GSSAPI
	max.poll.records = 2147483647
	bootstrap.servers = [nycuvig1kafka01.ahmcert.com:9092]
	client.id = consumer-1
	fetch.max.wait.ms = 500
	fetch.min.bytes = 1
	key.deserializer = class org.apache.kafka.common.serialization.StringDeserializer
	auto.offset.reset = latest
	value.deserializer = class org.apache.kafka.common.serialization.StringDeserializer
	sasl.kerberos.kinit.cmd = /usr/bin/kinit
	ssl.enabled.protocols = [TLSv1.2, TLSv1.1, TLSv1]
	max.partition.fetch.bytes = 1048576
	partition.assignment.strategy = [org.apache.kafka.clients.consumer.RangeAssignor]
	ssl.endpoint.identification.algorithm = null
	ssl.keystore.location = null
	ssl.truststore.location = null
	exclude.internal.topics = true
	ssl.keystore.password = null
	metrics.sample.window.ms = 30000
	security.protocol = SASL_PLAINTEXT
	metadata.max.age.ms = 300000
	auto.commit.interval.ms = 1000
	ssl.protocol = TLS
	sasl.kerberos.min.time.before.relogin = 60000
	connections.max.idle.ms = 540000
	ssl.trustmanager.algorithm = PKIX
	group.id = ConsumerGroup
	enable.auto.commit = true
	metric.reporters = []
	ssl.truststore.type = JKS
	send.buffer.bytes = 131072
	reconnect.backoff.ms = 50
	metrics.num.samples = 2
	ssl.keystore.type = JKS
	heartbeat.interval.ms = 3000

main  INFO [2017-10-16 17:00:35,234] utils.AppInfoParser - Kafka version : 0.10.0.1
main  INFO [2017-10-16 17:00:35,234] utils.AppInfoParser - Kafka commitId : a7a17cdec9eaa6c5
main  INFO [2017-10-16 17:00:36,548] internals.AbstractCoordinator - Discovered coordinator nycuvig1kafka01.ahmcert.com:9092 (id: 2147483647 rack: null) for group ConsumerGroup.
main  INFO [2017-10-16 17:00:36,552] internals.ConsumerCoordinator - Revoking previously assigned partitions [] for group ConsumerGroup
main  INFO [2017-10-16 17:00:36,552] internals.AbstractCoordinator - (Re-)joining group ConsumerGroup
main  INFO [2017-10-16 17:00:36,578] internals.AbstractCoordinator - Successfully joined group ConsumerGroup with generation 1
main  INFO [2017-10-16 17:00:36,580] internals.ConsumerCoordinator - Setting newly assigned partitions [CECommunications-1, CECommunications-0] for group ConsumerGroup
main  INFO [2017-10-16 17:12:19,125] careengine.CEKafkaProducer - Topic name is: CECommunications
main  INFO [2017-10-16 17:12:19,159] consumer.ConsumerConfig - ConsumerConfig values: 
	interceptor.classes = null
	request.timeout.ms = 40000
	check.crcs = true
	ssl.truststore.password = null
	retry.backoff.ms = 100
	ssl.keymanager.algorithm = SunX509
	receive.buffer.bytes = 65536
	ssl.key.password = null
	ssl.cipher.suites = null
	sasl.kerberos.ticket.renew.jitter = 0.05
	sasl.kerberos.service.name = kafka
	ssl.provider = null
	session.timeout.ms = 30000
	sasl.kerberos.ticket.renew.window.factor = 0.8
	sasl.mechanism = GSSAPI
	max.poll.records = 2147483647
	bootstrap.servers = [nycuvig1kafka01.ahmcert.com:9092]
	client.id = 
	fetch.max.wait.ms = 500
	fetch.min.bytes = 1
	key.deserializer = class org.apache.kafka.common.serialization.StringDeserializer
	auto.offset.reset = latest
	value.deserializer = class org.apache.kafka.common.serialization.StringDeserializer
	sasl.kerberos.kinit.cmd = /usr/bin/kinit
	ssl.enabled.protocols = [TLSv1.2, TLSv1.1, TLSv1]
	max.partition.fetch.bytes = 1048576
	partition.assignment.strategy = [org.apache.kafka.clients.consumer.RangeAssignor]
	ssl.endpoint.identification.algorithm = null
	ssl.keystore.location = null
	ssl.truststore.location = null
	exclude.internal.topics = true
	ssl.keystore.password = null
	metrics.sample.window.ms = 30000
	security.protocol = SASL_PLAINTEXT
	metadata.max.age.ms = 300000
	auto.commit.interval.ms = 1000
	ssl.protocol = TLS
	sasl.kerberos.min.time.before.relogin = 60000
	connections.max.idle.ms = 540000
	ssl.trustmanager.algorithm = PKIX
	group.id = ConsumerGroup
	enable.auto.commit = true
	metric.reporters = []
	ssl.truststore.type = JKS
	send.buffer.bytes = 131072
	reconnect.backoff.ms = 50
	metrics.num.samples = 2
	ssl.keystore.type = JKS
	heartbeat.interval.ms = 3000

main  INFO [2017-10-16 17:12:19,558] authenticator.AbstractLogin - Successfully logged in.
kafka-kerberos-refresh-thread  INFO [2017-10-16 17:12:19,560] kerberos.KerberosLogin - TGT refresh thread started.
kafka-kerberos-refresh-thread  INFO [2017-10-16 17:12:19,562] kerberos.KerberosLogin - TGT valid starting at: 2017-10-16T17:12:19.000-0400
kafka-kerberos-refresh-thread  INFO [2017-10-16 17:12:19,563] kerberos.KerberosLogin - TGT expires: 2017-10-17T17:12:19.000-0400
kafka-kerberos-refresh-thread  INFO [2017-10-16 17:12:19,563] kerberos.KerberosLogin - TGT refresh sleeping until: 2017-10-17T13:25:13.321-0400
main  INFO [2017-10-16 17:12:19,581] consumer.ConsumerConfig - ConsumerConfig values: 
	interceptor.classes = null
	request.timeout.ms = 40000
	check.crcs = true
	ssl.truststore.password = null
	retry.backoff.ms = 100
	ssl.keymanager.algorithm = SunX509
	receive.buffer.bytes = 65536
	ssl.key.password = null
	ssl.cipher.suites = null
	sasl.kerberos.ticket.renew.jitter = 0.05
	sasl.kerberos.service.name = kafka
	ssl.provider = null
	session.timeout.ms = 30000
	sasl.kerberos.ticket.renew.window.factor = 0.8
	sasl.mechanism = GSSAPI
	max.poll.records = 2147483647
	bootstrap.servers = [nycuvig1kafka01.ahmcert.com:9092]
	client.id = consumer-1
	fetch.max.wait.ms = 500
	fetch.min.bytes = 1
	key.deserializer = class org.apache.kafka.common.serialization.StringDeserializer
	auto.offset.reset = latest
	value.deserializer = class org.apache.kafka.common.serialization.StringDeserializer
	sasl.kerberos.kinit.cmd = /usr/bin/kinit
	ssl.enabled.protocols = [TLSv1.2, TLSv1.1, TLSv1]
	max.partition.fetch.bytes = 1048576
	partition.assignment.strategy = [org.apache.kafka.clients.consumer.RangeAssignor]
	ssl.endpoint.identification.algorithm = null
	ssl.keystore.location = null
	ssl.truststore.location = null
	exclude.internal.topics = true
	ssl.keystore.password = null
	metrics.sample.window.ms = 30000
	security.protocol = SASL_PLAINTEXT
	metadata.max.age.ms = 300000
	auto.commit.interval.ms = 1000
	ssl.protocol = TLS
	sasl.kerberos.min.time.before.relogin = 60000
	connections.max.idle.ms = 540000
	ssl.trustmanager.algorithm = PKIX
	group.id = ConsumerGroup
	enable.auto.commit = true
	metric.reporters = []
	ssl.truststore.type = JKS
	send.buffer.bytes = 131072
	reconnect.backoff.ms = 50
	metrics.num.samples = 2
	ssl.keystore.type = JKS
	heartbeat.interval.ms = 3000

main  INFO [2017-10-16 17:12:19,612] utils.AppInfoParser - Kafka version : 0.10.0.1
main  INFO [2017-10-16 17:12:19,612] utils.AppInfoParser - Kafka commitId : a7a17cdec9eaa6c5
main  INFO [2017-10-16 17:12:19,916] internals.AbstractCoordinator - Discovered coordinator nycuvig1kafka01.ahmcert.com:9092 (id: 2147483647 rack: null) for group ConsumerGroup.
main  INFO [2017-10-16 17:12:19,917] internals.ConsumerCoordinator - Revoking previously assigned partitions [] for group ConsumerGroup
main  INFO [2017-10-16 17:12:19,918] internals.AbstractCoordinator - (Re-)joining group ConsumerGroup
main  INFO [2017-10-16 17:12:19,934] internals.AbstractCoordinator - Successfully joined group ConsumerGroup with generation 1
main  INFO [2017-10-16 17:12:19,935] internals.ConsumerCoordinator - Setting newly assigned partitions [CECommunications-1, CECommunications-0] for group ConsumerGroup
